Compiling the CXX compiler identification source file "CMakeCXXCompilerId.cpp" failed.
Compiler: /Library/Developer/CommandLineTools/usr/bin/c++ 
Build flags: 
Id flags:  

The output was:
1
ld: library not found for -lc++
clang: error: linker command failed with exit code 1 (use -v to see invocation)


Compiling the C compiler identification source file "CMakeCCompilerId.c" failed.
Compiler: /Library/Developer/CommandLineTools/usr/bin/cc 
Build flags: 
Id flags:  

The output was:
1
ld: library not found for -lSystem
clang: error: linker command failed with exit code 1 (use -v to see invocation)


Determining if the function _close exists failed with the following output:
Change Dir: /Users/anastasialobkina/Desktop/KirillovaVika-homework-3-main/cmake-build-debug/CMakeFiles/CMakeTmp

Run Build Command(s):/Applications/CLion.app/Contents/bin/ninja/mac/ninja cmTC_f0f04 && [1/2] Building C object CMakeFiles/cmTC_f0f04.dir/CheckFunctionExists.c.o
[2/2] Linking C executable cmTC_f0f04
FAILED: cmTC_f0f04 
: && /Library/Developer/CommandLineTools/usr/bin/cc -DCHECK_FUNCTION_EXISTS=_close -arch arm64 -isysroot /Library/Developer/CommandLineTools/SDKs/MacOSX12.3.sdk -mmacosx-version-min=12.1 -Wl,-search_paths_first -Wl,-headerpad_max_install_names  CMakeFiles/cmTC_f0f04.dir/CheckFunctionExists.c.o -o cmTC_f0f04   && :
Undefined symbols for architecture arm64:
  "__close", referenced from:
      _main in CheckFunctionExists.c.o
ld: symbol(s) not found for architecture arm64
clang: error: linker command failed with exit code 1 (use -v to see invocation)
ninja: build stopped: subcommand failed.



Determining if the function _dup exists failed with the following output:
Change Dir: /Users/anastasialobkina/Desktop/KirillovaVika-homework-3-main/cmake-build-debug/CMakeFiles/CMakeTmp

Run Build Command(s):/Applications/CLion.app/Contents/bin/ninja/mac/ninja cmTC_c8faf && [1/2] Building C object CMakeFiles/cmTC_c8faf.dir/CheckFunctionExists.c.o
[2/2] Linking C executable cmTC_c8faf
FAILED: cmTC_c8faf 
: && /Library/Developer/CommandLineTools/usr/bin/cc -DCHECK_FUNCTION_EXISTS=_dup -arch arm64 -isysroot /Library/Developer/CommandLineTools/SDKs/MacOSX12.3.sdk -mmacosx-version-min=12.1 -Wl,-search_paths_first -Wl,-headerpad_max_install_names  CMakeFiles/cmTC_c8faf.dir/CheckFunctionExists.c.o -o cmTC_c8faf   && :
Undefined symbols for architecture arm64:
  "__dup", referenced from:
      _main in CheckFunctionExists.c.o
ld: symbol(s) not found for architecture arm64
clang: error: linker command failed with exit code 1 (use -v to see invocation)
ninja: build stopped: subcommand failed.



Determining if the function _fdopen exists failed with the following output:
Change Dir: /Users/anastasialobkina/Desktop/KirillovaVika-homework-3-main/cmake-build-debug/CMakeFiles/CMakeTmp

Run Build Command(s):/Applications/CLion.app/Contents/bin/ninja/mac/ninja cmTC_fd8df && [1/2] Building C object CMakeFiles/cmTC_fd8df.dir/CheckFunctionExists.c.o
[2/2] Linking C executable cmTC_fd8df
FAILED: cmTC_fd8df 
: && /Library/Developer/CommandLineTools/usr/bin/cc -DCHECK_FUNCTION_EXISTS=_fdopen -arch arm64 -isysroot /Library/Developer/CommandLineTools/SDKs/MacOSX12.3.sdk -mmacosx-version-min=12.1 -Wl,-search_paths_first -Wl,-headerpad_max_install_names  CMakeFiles/cmTC_fd8df.dir/CheckFunctionExists.c.o -o cmTC_fd8df   && :
Undefined symbols for architecture arm64:
  "__fdopen", referenced from:
      _main in CheckFunctionExists.c.o
ld: symbol(s) not found for architecture arm64
clang: error: linker command failed with exit code 1 (use -v to see invocation)
ninja: build stopped: subcommand failed.



Determining if the function _fileno exists failed with the following output:
Change Dir: /Users/anastasialobkina/Desktop/KirillovaVika-homework-3-main/cmake-build-debug/CMakeFiles/CMakeTmp

Run Build Command(s):/Applications/CLion.app/Contents/bin/ninja/mac/ninja cmTC_cb48f && [1/2] Building C object CMakeFiles/cmTC_cb48f.dir/CheckFunctionExists.c.o
[2/2] Linking C executable cmTC_cb48f
FAILED: cmTC_cb48f 
: && /Library/Developer/CommandLineTools/usr/bin/cc -DCHECK_FUNCTION_EXISTS=_fileno -arch arm64 -isysroot /Library/Developer/CommandLineTools/SDKs/MacOSX12.3.sdk -mmacosx-version-min=12.1 -Wl,-search_paths_first -Wl,-headerpad_max_install_names  CMakeFiles/cmTC_cb48f.dir/CheckFunctionExists.c.o -o cmTC_cb48f   && :
Undefined symbols for architecture arm64:
  "__fileno", referenced from:
      _main in CheckFunctionExists.c.o
ld: symbol(s) not found for architecture arm64
clang: error: linker command failed with exit code 1 (use -v to see invocation)
ninja: build stopped: subcommand failed.



Determining if the function _setmode exists failed with the following output:
Change Dir: /Users/anastasialobkina/Desktop/KirillovaVika-homework-3-main/cmake-build-debug/CMakeFiles/CMakeTmp

Run Build Command(s):/Applications/CLion.app/Contents/bin/ninja/mac/ninja cmTC_d325b && [1/2] Building C object CMakeFiles/cmTC_d325b.dir/CheckFunctionExists.c.o
[2/2] Linking C executable cmTC_d325b
FAILED: cmTC_d325b 
: && /Library/Developer/CommandLineTools/usr/bin/cc -DCHECK_FUNCTION_EXISTS=_setmode -arch arm64 -isysroot /Library/Developer/CommandLineTools/SDKs/MacOSX12.3.sdk -mmacosx-version-min=12.1 -Wl,-search_paths_first -Wl,-headerpad_max_install_names  CMakeFiles/cmTC_d325b.dir/CheckFunctionExists.c.o -o cmTC_d325b   && :
Undefined symbols for architecture arm64:
  "__setmode", referenced from:
      _main in CheckFunctionExists.c.o
ld: symbol(s) not found for architecture arm64
clang: error: linker command failed with exit code 1 (use -v to see invocation)
ninja: build stopped: subcommand failed.



Determining if the _snprintf exist failed with the following output:
Change Dir: /Users/anastasialobkina/Desktop/KirillovaVika-homework-3-main/cmake-build-debug/CMakeFiles/CMakeTmp

Run Build Command(s):/Applications/CLion.app/Contents/bin/ninja/mac/ninja cmTC_6d1b4 && [1/2] Building C object CMakeFiles/cmTC_6d1b4.dir/CheckSymbolExists.c.o
FAILED: CMakeFiles/cmTC_6d1b4.dir/CheckSymbolExists.c.o 
/Library/Developer/CommandLineTools/usr/bin/cc   -arch arm64 -isysroot /Library/Developer/CommandLineTools/SDKs/MacOSX12.3.sdk -mmacosx-version-min=12.1 -MD -MT CMakeFiles/cmTC_6d1b4.dir/CheckSymbolExists.c.o -MF CMakeFiles/cmTC_6d1b4.dir/CheckSymbolExists.c.o.d -o CMakeFiles/cmTC_6d1b4.dir/CheckSymbolExists.c.o -c /Users/anastasialobkina/Desktop/KirillovaVika-homework-3-main/cmake-build-debug/CMakeFiles/CMakeTmp/CheckSymbolExists.c
/Users/anastasialobkina/Desktop/KirillovaVika-homework-3-main/cmake-build-debug/CMakeFiles/CMakeTmp/CheckSymbolExists.c:8:19: error: use of undeclared identifier '_snprintf'
  return ((int*)(&_snprintf))[argc];
                  ^
1 error generated.
ninja: build stopped: subcommand failed.


File /Users/anastasialobkina/Desktop/KirillovaVika-homework-3-main/cmake-build-debug/CMakeFiles/CMakeTmp/CheckSymbolExists.c:
/* */
#include <stdio.h>

int main(int argc, char** argv)
{
  (void)argv;
#ifndef _snprintf
  return ((int*)(&_snprintf))[argc];
#else
  (void)argc;
  return 0;
#endif
}
Determining if the function _strdup exists failed with the following output:
Change Dir: /Users/anastasialobkina/Desktop/KirillovaVika-homework-3-main/cmake-build-debug/CMakeFiles/CMakeTmp

Run Build Command(s):/Applications/CLion.app/Contents/bin/ninja/mac/ninja cmTC_082e9 && [1/2] Building C object CMakeFiles/cmTC_082e9.dir/CheckFunctionExists.c.o
[2/2] Linking C executable cmTC_082e9
FAILED: cmTC_082e9 
: && /Library/Developer/CommandLineTools/usr/bin/cc -DCHECK_FUNCTION_EXISTS=_strdup -arch arm64 -isysroot /Library/Developer/CommandLineTools/SDKs/MacOSX12.3.sdk -mmacosx-version-min=12.1 -Wl,-search_paths_first -Wl,-headerpad_max_install_names  CMakeFiles/cmTC_082e9.dir/CheckFunctionExists.c.o -o cmTC_082e9   && :
Undefined symbols for architecture arm64:
  "__strdup", referenced from:
      _main in CheckFunctionExists.c.o
ld: symbol(s) not found for architecture arm64
clang: error: linker command failed with exit code 1 (use -v to see invocation)
ninja: build stopped: subcommand failed.



Determining if the _stricmp exist failed with the following output:
Change Dir: /Users/anastasialobkina/Desktop/KirillovaVika-homework-3-main/cmake-build-debug/CMakeFiles/CMakeTmp

Run Build Command(s):/Applications/CLion.app/Contents/bin/ninja/mac/ninja cmTC_af499 && [1/2] Building C object CMakeFiles/cmTC_af499.dir/CheckSymbolExists.c.o
FAILED: CMakeFiles/cmTC_af499.dir/CheckSymbolExists.c.o 
/Library/Developer/CommandLineTools/usr/bin/cc   -arch arm64 -isysroot /Library/Developer/CommandLineTools/SDKs/MacOSX12.3.sdk -mmacosx-version-min=12.1 -MD -MT CMakeFiles/cmTC_af499.dir/CheckSymbolExists.c.o -MF CMakeFiles/cmTC_af499.dir/CheckSymbolExists.c.o.d -o CMakeFiles/cmTC_af499.dir/CheckSymbolExists.c.o -c /Users/anastasialobkina/Desktop/KirillovaVika-homework-3-main/cmake-build-debug/CMakeFiles/CMakeTmp/CheckSymbolExists.c
/Users/anastasialobkina/Desktop/KirillovaVika-homework-3-main/cmake-build-debug/CMakeFiles/CMakeTmp/CheckSymbolExists.c:8:19: error: use of undeclared identifier '_stricmp'
  return ((int*)(&_stricmp))[argc];
                  ^
1 error generated.
ninja: build stopped: subcommand failed.


File /Users/anastasialobkina/Desktop/KirillovaVika-homework-3-main/cmake-build-debug/CMakeFiles/CMakeTmp/CheckSymbolExists.c:
/* */
#include <string.h>

int main(int argc, char** argv)
{
  (void)argv;
#ifndef _stricmp
  return ((int*)(&_stricmp))[argc];
#else
  (void)argc;
  return 0;
#endif
}
Determining if the function _strtoi64 exists failed with the following output:
Change Dir: /Users/anastasialobkina/Desktop/KirillovaVika-homework-3-main/cmake-build-debug/CMakeFiles/CMakeTmp

Run Build Command(s):/Applications/CLion.app/Contents/bin/ninja/mac/ninja cmTC_8e26c && [1/2] Building C object CMakeFiles/cmTC_8e26c.dir/CheckFunctionExists.c.o
[2/2] Linking C executable cmTC_8e26c
FAILED: cmTC_8e26c 
: && /Library/Developer/CommandLineTools/usr/bin/cc -DCHECK_FUNCTION_EXISTS=_strtoi64 -arch arm64 -isysroot /Library/Developer/CommandLineTools/SDKs/MacOSX12.3.sdk -mmacosx-version-min=12.1 -Wl,-search_paths_first -Wl,-headerpad_max_install_names  CMakeFiles/cmTC_8e26c.dir/CheckFunctionExists.c.o -o cmTC_8e26c   && :
Undefined symbols for architecture arm64:
  "__strtoi64", referenced from:
      _main in CheckFunctionExists.c.o
ld: symbol(s) not found for architecture arm64
clang: error: linker command failed with exit code 1 (use -v to see invocation)
ninja: build stopped: subcommand failed.



Determining if the function _strtoui64 exists failed with the following output:
Change Dir: /Users/anastasialobkina/Desktop/KirillovaVika-homework-3-main/cmake-build-debug/CMakeFiles/CMakeTmp

Run Build Command(s):/Applications/CLion.app/Contents/bin/ninja/mac/ninja cmTC_40b1b && [1/2] Building C object CMakeFiles/cmTC_40b1b.dir/CheckFunctionExists.c.o
[2/2] Linking C executable cmTC_40b1b
FAILED: cmTC_40b1b 
: && /Library/Developer/CommandLineTools/usr/bin/cc -DCHECK_FUNCTION_EXISTS=_strtoui64 -arch arm64 -isysroot /Library/Developer/CommandLineTools/SDKs/MacOSX12.3.sdk -mmacosx-version-min=12.1 -Wl,-search_paths_first -Wl,-headerpad_max_install_names  CMakeFiles/cmTC_40b1b.dir/CheckFunctionExists.c.o -o cmTC_40b1b   && :
Undefined symbols for architecture arm64:
  "__strtoui64", referenced from:
      _main in CheckFunctionExists.c.o
ld: symbol(s) not found for architecture arm64
clang: error: linker command failed with exit code 1 (use -v to see invocation)
ninja: build stopped: subcommand failed.



Determining if the function _unlink exists failed with the following output:
Change Dir: /Users/anastasialobkina/Desktop/KirillovaVika-homework-3-main/cmake-build-debug/CMakeFiles/CMakeTmp

Run Build Command(s):/Applications/CLion.app/Contents/bin/ninja/mac/ninja cmTC_c9233 && [1/2] Building C object CMakeFiles/cmTC_c9233.dir/CheckFunctionExists.c.o
[2/2] Linking C executable cmTC_c9233
FAILED: cmTC_c9233 
: && /Library/Developer/CommandLineTools/usr/bin/cc -DCHECK_FUNCTION_EXISTS=_unlink -arch arm64 -isysroot /Library/Developer/CommandLineTools/SDKs/MacOSX12.3.sdk -mmacosx-version-min=12.1 -Wl,-search_paths_first -Wl,-headerpad_max_install_names  CMakeFiles/cmTC_c9233.dir/CheckFunctionExists.c.o -o cmTC_c9233   && :
Undefined symbols for architecture arm64:
  "__unlink", referenced from:
      _main in CheckFunctionExists.c.o
ld: symbol(s) not found for architecture arm64
clang: error: linker command failed with exit code 1 (use -v to see invocation)
ninja: build stopped: subcommand failed.



Determining if the function explicit_bzero exists failed with the following output:
Change Dir: /Users/anastasialobkina/Desktop/KirillovaVika-homework-3-main/cmake-build-debug/CMakeFiles/CMakeTmp

Run Build Command(s):/Applications/CLion.app/Contents/bin/ninja/mac/ninja cmTC_08254 && [1/2] Building C object CMakeFiles/cmTC_08254.dir/CheckFunctionExists.c.o
[2/2] Linking C executable cmTC_08254
FAILED: cmTC_08254 
: && /Library/Developer/CommandLineTools/usr/bin/cc -DCHECK_FUNCTION_EXISTS=explicit_bzero -arch arm64 -isysroot /Library/Developer/CommandLineTools/SDKs/MacOSX12.3.sdk -mmacosx-version-min=12.1 -Wl,-search_paths_first -Wl,-headerpad_max_install_names  CMakeFiles/cmTC_08254.dir/CheckFunctionExists.c.o -o cmTC_08254   && :
Undefined symbols for architecture arm64:
  "_explicit_bzero", referenced from:
      _main in CheckFunctionExists.c.o
ld: symbol(s) not found for architecture arm64
clang: error: linker command failed with exit code 1 (use -v to see invocation)
ninja: build stopped: subcommand failed.



Determining if the function explicit_memset exists failed with the following output:
Change Dir: /Users/anastasialobkina/Desktop/KirillovaVika-homework-3-main/cmake-build-debug/CMakeFiles/CMakeTmp

Run Build Command(s):/Applications/CLion.app/Contents/bin/ninja/mac/ninja cmTC_e804e && [1/2] Building C object CMakeFiles/cmTC_e804e.dir/CheckFunctionExists.c.o
[2/2] Linking C executable cmTC_e804e
FAILED: cmTC_e804e 
: && /Library/Developer/CommandLineTools/usr/bin/cc -DCHECK_FUNCTION_EXISTS=explicit_memset -arch arm64 -isysroot /Library/Developer/CommandLineTools/SDKs/MacOSX12.3.sdk -mmacosx-version-min=12.1 -Wl,-search_paths_first -Wl,-headerpad_max_install_names  CMakeFiles/cmTC_e804e.dir/CheckFunctionExists.c.o -o cmTC_e804e   && :
Undefined symbols for architecture arm64:
  "_explicit_memset", referenced from:
      _main in CheckFunctionExists.c.o
ld: symbol(s) not found for architecture arm64
clang: error: linker command failed with exit code 1 (use -v to see invocation)
ninja: build stopped: subcommand failed.



Determining if the function stricmp exists failed with the following output:
Change Dir: /Users/anastasialobkina/Desktop/KirillovaVika-homework-3-main/cmake-build-debug/CMakeFiles/CMakeTmp

Run Build Command(s):/Applications/CLion.app/Contents/bin/ninja/mac/ninja cmTC_6cb28 && [1/2] Building C object CMakeFiles/cmTC_6cb28.dir/CheckFunctionExists.c.o
[2/2] Linking C executable cmTC_6cb28
FAILED: cmTC_6cb28 
: && /Library/Developer/CommandLineTools/usr/bin/cc -DCHECK_FUNCTION_EXISTS=stricmp -arch arm64 -isysroot /Library/Developer/CommandLineTools/SDKs/MacOSX12.3.sdk -mmacosx-version-min=12.1 -Wl,-search_paths_first -Wl,-headerpad_max_install_names  CMakeFiles/cmTC_6cb28.dir/CheckFunctionExists.c.o -o cmTC_6cb28   && :
Undefined symbols for architecture arm64:
  "_stricmp", referenced from:
      _main in CheckFunctionExists.c.o
ld: symbol(s) not found for architecture arm64
clang: error: linker command failed with exit code 1 (use -v to see invocation)
ninja: build stopped: subcommand failed.



Determining size of __int8 failed with the following output:
Change Dir: /Users/anastasialobkina/Desktop/KirillovaVika-homework-3-main/cmake-build-debug/CMakeFiles/CMakeTmp

Run Build Command(s):/Applications/CLion.app/Contents/bin/ninja/mac/ninja cmTC_55957 && [1/2] Building C object CMakeFiles/cmTC_55957.dir/__INT8_LIBZIP.c.o
FAILED: CMakeFiles/cmTC_55957.dir/__INT8_LIBZIP.c.o 
/Library/Developer/CommandLineTools/usr/bin/cc   -arch arm64 -isysroot /Library/Developer/CommandLineTools/SDKs/MacOSX12.3.sdk -mmacosx-version-min=12.1 -MD -MT CMakeFiles/cmTC_55957.dir/__INT8_LIBZIP.c.o -MF CMakeFiles/cmTC_55957.dir/__INT8_LIBZIP.c.o.d -o CMakeFiles/cmTC_55957.dir/__INT8_LIBZIP.c.o -c /Users/anastasialobkina/Desktop/KirillovaVika-homework-3-main/cmake-build-debug/CMakeFiles/CheckTypeSize/__INT8_LIBZIP.c
/Users/anastasialobkina/Desktop/KirillovaVika-homework-3-main/cmake-build-debug/CMakeFiles/CheckTypeSize/__INT8_LIBZIP.c:29:12: error: use of undeclared identifier '__int8'
  ('0' + ((SIZE / 10000)%10)),
           ^
/Users/anastasialobkina/Desktop/KirillovaVika-homework-3-main/cmake-build-debug/CMakeFiles/CheckTypeSize/__INT8_LIBZIP.c:27:22: note: expanded from macro 'SIZE'
#define SIZE (sizeof(__int8))
                     ^
/Users/anastasialobkina/Desktop/KirillovaVika-homework-3-main/cmake-build-debug/CMakeFiles/CheckTypeSize/__INT8_LIBZIP.c:30:12: error: use of undeclared identifier '__int8'
  ('0' + ((SIZE / 1000)%10)),
           ^
/Users/anastasialobkina/Desktop/KirillovaVika-homework-3-main/cmake-build-debug/CMakeFiles/CheckTypeSize/__INT8_LIBZIP.c:27:22: note: expanded from macro 'SIZE'
#define SIZE (sizeof(__int8))
                     ^
/Users/anastasialobkina/Desktop/KirillovaVika-homework-3-main/cmake-build-debug/CMakeFiles/CheckTypeSize/__INT8_LIBZIP.c:31:12: error: use of undeclared identifier '__int8'
  ('0' + ((SIZE / 100)%10)),
           ^
/Users/anastasialobkina/Desktop/KirillovaVika-homework-3-main/cmake-build-debug/CMakeFiles/CheckTypeSize/__INT8_LIBZIP.c:27:22: note: expanded from macro 'SIZE'
#define SIZE (sizeof(__int8))
                     ^
/Users/anastasialobkina/Desktop/KirillovaVika-homework-3-main/cmake-build-debug/CMakeFiles/CheckTypeSize/__INT8_LIBZIP.c:32:12: error: use of undeclared identifier '__int8'
  ('0' + ((SIZE / 10)%10)),
           ^
/Users/anastasialobkina/Desktop/KirillovaVika-homework-3-main/cmake-build-debug/CMakeFiles/CheckTypeSize/__INT8_LIBZIP.c:27:22: note: expanded from macro 'SIZE'
#define SIZE (sizeof(__int8))
                     ^
/Users/anastasialobkina/Desktop/KirillovaVika-homework-3-main/cmake-build-debug/CMakeFiles/CheckTypeSize/__INT8_LIBZIP.c:33:12: error: use of undeclared identifier '__int8'
  ('0' +  (SIZE    % 10)),
           ^
/Users/anastasialobkina/Desktop/KirillovaVika-homework-3-main/cmake-build-debug/CMakeFiles/CheckTypeSize/__INT8_LIBZIP.c:27:22: note: expanded from macro 'SIZE'
#define SIZE (sizeof(__int8))
                     ^
5 errors generated.
ninja: build stopped: subcommand failed.


/Users/anastasialobkina/Desktop/KirillovaVika-homework-3-main/cmake-build-debug/CMakeFiles/CheckTypeSize/__INT8_LIBZIP.c:
#include <sys/types.h>
#include <stdint.h>
#include <stddef.h>


#undef KEY
#if defined(__i386)
# define KEY '_','_','i','3','8','6'
#elif defined(__x86_64)
# define KEY '_','_','x','8','6','_','6','4'
#elif defined(__PPC64__)
# define KEY '_','_','P','P','C','6','4','_','_'
#elif defined(__ppc64__)
# define KEY '_','_','p','p','c','6','4','_','_'
#elif defined(__PPC__)
# define KEY '_','_','P','P','C','_','_'
#elif defined(__ppc__)
# define KEY '_','_','p','p','c','_','_'
#elif defined(__aarch64__)
# define KEY '_','_','a','a','r','c','h','6','4','_','_'
#elif defined(__ARM_ARCH_7A__)
# define KEY '_','_','A','R','M','_','A','R','C','H','_','7','A','_','_'
#elif defined(__ARM_ARCH_7S__)
# define KEY '_','_','A','R','M','_','A','R','C','H','_','7','S','_','_'
#endif

#define SIZE (sizeof(__int8))
static char info_size[] =  {'I', 'N', 'F', 'O', ':', 's','i','z','e','[',
  ('0' + ((SIZE / 10000)%10)),
  ('0' + ((SIZE / 1000)%10)),
  ('0' + ((SIZE / 100)%10)),
  ('0' + ((SIZE / 10)%10)),
  ('0' +  (SIZE    % 10)),
  ']',
#ifdef KEY
  ' ','k','e','y','[', KEY, ']',
#endif
  '\0'};

#ifdef __CLASSIC_C__
int main(argc, argv) int argc; char *argv[];
#else
int main(int argc, char *argv[])
#endif
{
  int require = 0;
  require += info_size[argc];
  (void)argv;
  return require;
}


Determining size of __int16 failed with the following output:
Change Dir: /Users/anastasialobkina/Desktop/KirillovaVika-homework-3-main/cmake-build-debug/CMakeFiles/CMakeTmp

Run Build Command(s):/Applications/CLion.app/Contents/bin/ninja/mac/ninja cmTC_ef2d0 && [1/2] Building C object CMakeFiles/cmTC_ef2d0.dir/__INT16_LIBZIP.c.o
FAILED: CMakeFiles/cmTC_ef2d0.dir/__INT16_LIBZIP.c.o 
/Library/Developer/CommandLineTools/usr/bin/cc   -arch arm64 -isysroot /Library/Developer/CommandLineTools/SDKs/MacOSX12.3.sdk -mmacosx-version-min=12.1 -MD -MT CMakeFiles/cmTC_ef2d0.dir/__INT16_LIBZIP.c.o -MF CMakeFiles/cmTC_ef2d0.dir/__INT16_LIBZIP.c.o.d -o CMakeFiles/cmTC_ef2d0.dir/__INT16_LIBZIP.c.o -c /Users/anastasialobkina/Desktop/KirillovaVika-homework-3-main/cmake-build-debug/CMakeFiles/CheckTypeSize/__INT16_LIBZIP.c
/Users/anastasialobkina/Desktop/KirillovaVika-homework-3-main/cmake-build-debug/CMakeFiles/CheckTypeSize/__INT16_LIBZIP.c:29:12: error: use of undeclared identifier '__int16'
  ('0' + ((SIZE / 10000)%10)),
           ^
/Users/anastasialobkina/Desktop/KirillovaVika-homework-3-main/cmake-build-debug/CMakeFiles/CheckTypeSize/__INT16_LIBZIP.c:27:22: note: expanded from macro 'SIZE'
#define SIZE (sizeof(__int16))
                     ^
/Users/anastasialobkina/Desktop/KirillovaVika-homework-3-main/cmake-build-debug/CMakeFiles/CheckTypeSize/__INT16_LIBZIP.c:30:12: error: use of undeclared identifier '__int16'
  ('0' + ((SIZE / 1000)%10)),
           ^
/Users/anastasialobkina/Desktop/KirillovaVika-homework-3-main/cmake-build-debug/CMakeFiles/CheckTypeSize/__INT16_LIBZIP.c:27:22: note: expanded from macro 'SIZE'
#define SIZE (sizeof(__int16))
                     ^
/Users/anastasialobkina/Desktop/KirillovaVika-homework-3-main/cmake-build-debug/CMakeFiles/CheckTypeSize/__INT16_LIBZIP.c:31:12: error: use of undeclared identifier '__int16'
  ('0' + ((SIZE / 100)%10)),
           ^
/Users/anastasialobkina/Desktop/KirillovaVika-homework-3-main/cmake-build-debug/CMakeFiles/CheckTypeSize/__INT16_LIBZIP.c:27:22: note: expanded from macro 'SIZE'
#define SIZE (sizeof(__int16))
                     ^
/Users/anastasialobkina/Desktop/KirillovaVika-homework-3-main/cmake-build-debug/CMakeFiles/CheckTypeSize/__INT16_LIBZIP.c:32:12: error: use of undeclared identifier '__int16'
  ('0' + ((SIZE / 10)%10)),
           ^
/Users/anastasialobkina/Desktop/KirillovaVika-homework-3-main/cmake-build-debug/CMakeFiles/CheckTypeSize/__INT16_LIBZIP.c:27:22: note: expanded from macro 'SIZE'
#define SIZE (sizeof(__int16))
                     ^
/Users/anastasialobkina/Desktop/KirillovaVika-homework-3-main/cmake-build-debug/CMakeFiles/CheckTypeSize/__INT16_LIBZIP.c:33:12: error: use of undeclared identifier '__int16'
  ('0' +  (SIZE    % 10)),
           ^
/Users/anastasialobkina/Desktop/KirillovaVika-homework-3-main/cmake-build-debug/CMakeFiles/CheckTypeSize/__INT16_LIBZIP.c:27:22: note: expanded from macro 'SIZE'
#define SIZE (sizeof(__int16))
                     ^
5 errors generated.
ninja: build stopped: subcommand failed.


/Users/anastasialobkina/Desktop/KirillovaVika-homework-3-main/cmake-build-debug/CMakeFiles/CheckTypeSize/__INT16_LIBZIP.c:
#include <sys/types.h>
#include <stdint.h>
#include <stddef.h>


#undef KEY
#if defined(__i386)
# define KEY '_','_','i','3','8','6'
#elif defined(__x86_64)
# define KEY '_','_','x','8','6','_','6','4'
#elif defined(__PPC64__)
# define KEY '_','_','P','P','C','6','4','_','_'
#elif defined(__ppc64__)
# define KEY '_','_','p','p','c','6','4','_','_'
#elif defined(__PPC__)
# define KEY '_','_','P','P','C','_','_'
#elif defined(__ppc__)
# define KEY '_','_','p','p','c','_','_'
#elif defined(__aarch64__)
# define KEY '_','_','a','a','r','c','h','6','4','_','_'
#elif defined(__ARM_ARCH_7A__)
# define KEY '_','_','A','R','M','_','A','R','C','H','_','7','A','_','_'
#elif defined(__ARM_ARCH_7S__)
# define KEY '_','_','A','R','M','_','A','R','C','H','_','7','S','_','_'
#endif

#define SIZE (sizeof(__int16))
static char info_size[] =  {'I', 'N', 'F', 'O', ':', 's','i','z','e','[',
  ('0' + ((SIZE / 10000)%10)),
  ('0' + ((SIZE / 1000)%10)),
  ('0' + ((SIZE / 100)%10)),
  ('0' + ((SIZE / 10)%10)),
  ('0' +  (SIZE    % 10)),
  ']',
#ifdef KEY
  ' ','k','e','y','[', KEY, ']',
#endif
  '\0'};

#ifdef __CLASSIC_C__
int main(argc, argv) int argc; char *argv[];
#else
int main(int argc, char *argv[])
#endif
{
  int require = 0;
  require += info_size[argc];
  (void)argv;
  return require;
}


Determining size of __int32 failed with the following output:
Change Dir: /Users/anastasialobkina/Desktop/KirillovaVika-homework-3-main/cmake-build-debug/CMakeFiles/CMakeTmp

Run Build Command(s):/Applications/CLion.app/Contents/bin/ninja/mac/ninja cmTC_e7405 && [1/2] Building C object CMakeFiles/cmTC_e7405.dir/__INT32_LIBZIP.c.o
FAILED: CMakeFiles/cmTC_e7405.dir/__INT32_LIBZIP.c.o 
/Library/Developer/CommandLineTools/usr/bin/cc   -arch arm64 -isysroot /Library/Developer/CommandLineTools/SDKs/MacOSX12.3.sdk -mmacosx-version-min=12.1 -MD -MT CMakeFiles/cmTC_e7405.dir/__INT32_LIBZIP.c.o -MF CMakeFiles/cmTC_e7405.dir/__INT32_LIBZIP.c.o.d -o CMakeFiles/cmTC_e7405.dir/__INT32_LIBZIP.c.o -c /Users/anastasialobkina/Desktop/KirillovaVika-homework-3-main/cmake-build-debug/CMakeFiles/CheckTypeSize/__INT32_LIBZIP.c
/Users/anastasialobkina/Desktop/KirillovaVika-homework-3-main/cmake-build-debug/CMakeFiles/CheckTypeSize/__INT32_LIBZIP.c:29:12: error: use of undeclared identifier '__int32'
  ('0' + ((SIZE / 10000)%10)),
           ^
/Users/anastasialobkina/Desktop/KirillovaVika-homework-3-main/cmake-build-debug/CMakeFiles/CheckTypeSize/__INT32_LIBZIP.c:27:22: note: expanded from macro 'SIZE'
#define SIZE (sizeof(__int32))
                     ^
/Users/anastasialobkina/Desktop/KirillovaVika-homework-3-main/cmake-build-debug/CMakeFiles/CheckTypeSize/__INT32_LIBZIP.c:30:12: error: use of undeclared identifier '__int32'
  ('0' + ((SIZE / 1000)%10)),
           ^
/Users/anastasialobkina/Desktop/KirillovaVika-homework-3-main/cmake-build-debug/CMakeFiles/CheckTypeSize/__INT32_LIBZIP.c:27:22: note: expanded from macro 'SIZE'
#define SIZE (sizeof(__int32))
                     ^
/Users/anastasialobkina/Desktop/KirillovaVika-homework-3-main/cmake-build-debug/CMakeFiles/CheckTypeSize/__INT32_LIBZIP.c:31:12: error: use of undeclared identifier '__int32'
  ('0' + ((SIZE / 100)%10)),
           ^
/Users/anastasialobkina/Desktop/KirillovaVika-homework-3-main/cmake-build-debug/CMakeFiles/CheckTypeSize/__INT32_LIBZIP.c:27:22: note: expanded from macro 'SIZE'
#define SIZE (sizeof(__int32))
                     ^
/Users/anastasialobkina/Desktop/KirillovaVika-homework-3-main/cmake-build-debug/CMakeFiles/CheckTypeSize/__INT32_LIBZIP.c:32:12: error: use of undeclared identifier '__int32'
  ('0' + ((SIZE / 10)%10)),
           ^
/Users/anastasialobkina/Desktop/KirillovaVika-homework-3-main/cmake-build-debug/CMakeFiles/CheckTypeSize/__INT32_LIBZIP.c:27:22: note: expanded from macro 'SIZE'
#define SIZE (sizeof(__int32))
                     ^
/Users/anastasialobkina/Desktop/KirillovaVika-homework-3-main/cmake-build-debug/CMakeFiles/CheckTypeSize/__INT32_LIBZIP.c:33:12: error: use of undeclared identifier '__int32'
  ('0' +  (SIZE    % 10)),
           ^
/Users/anastasialobkina/Desktop/KirillovaVika-homework-3-main/cmake-build-debug/CMakeFiles/CheckTypeSize/__INT32_LIBZIP.c:27:22: note: expanded from macro 'SIZE'
#define SIZE (sizeof(__int32))
                     ^
5 errors generated.
ninja: build stopped: subcommand failed.


/Users/anastasialobkina/Desktop/KirillovaVika-homework-3-main/cmake-build-debug/CMakeFiles/CheckTypeSize/__INT32_LIBZIP.c:
#include <sys/types.h>
#include <stdint.h>
#include <stddef.h>


#undef KEY
#if defined(__i386)
# define KEY '_','_','i','3','8','6'
#elif defined(__x86_64)
# define KEY '_','_','x','8','6','_','6','4'
#elif defined(__PPC64__)
# define KEY '_','_','P','P','C','6','4','_','_'
#elif defined(__ppc64__)
# define KEY '_','_','p','p','c','6','4','_','_'
#elif defined(__PPC__)
# define KEY '_','_','P','P','C','_','_'
#elif defined(__ppc__)
# define KEY '_','_','p','p','c','_','_'
#elif defined(__aarch64__)
# define KEY '_','_','a','a','r','c','h','6','4','_','_'
#elif defined(__ARM_ARCH_7A__)
# define KEY '_','_','A','R','M','_','A','R','C','H','_','7','A','_','_'
#elif defined(__ARM_ARCH_7S__)
# define KEY '_','_','A','R','M','_','A','R','C','H','_','7','S','_','_'
#endif

#define SIZE (sizeof(__int32))
static char info_size[] =  {'I', 'N', 'F', 'O', ':', 's','i','z','e','[',
  ('0' + ((SIZE / 10000)%10)),
  ('0' + ((SIZE / 1000)%10)),
  ('0' + ((SIZE / 100)%10)),
  ('0' + ((SIZE / 10)%10)),
  ('0' +  (SIZE    % 10)),
  ']',
#ifdef KEY
  ' ','k','e','y','[', KEY, ']',
#endif
  '\0'};

#ifdef __CLASSIC_C__
int main(argc, argv) int argc; char *argv[];
#else
int main(int argc, char *argv[])
#endif
{
  int require = 0;
  require += info_size[argc];
  (void)argv;
  return require;
}


Determining size of __int64 failed with the following output:
Change Dir: /Users/anastasialobkina/Desktop/KirillovaVika-homework-3-main/cmake-build-debug/CMakeFiles/CMakeTmp

Run Build Command(s):/Applications/CLion.app/Contents/bin/ninja/mac/ninja cmTC_31135 && [1/2] Building C object CMakeFiles/cmTC_31135.dir/__INT64_LIBZIP.c.o
FAILED: CMakeFiles/cmTC_31135.dir/__INT64_LIBZIP.c.o 
/Library/Developer/CommandLineTools/usr/bin/cc   -arch arm64 -isysroot /Library/Developer/CommandLineTools/SDKs/MacOSX12.3.sdk -mmacosx-version-min=12.1 -MD -MT CMakeFiles/cmTC_31135.dir/__INT64_LIBZIP.c.o -MF CMakeFiles/cmTC_31135.dir/__INT64_LIBZIP.c.o.d -o CMakeFiles/cmTC_31135.dir/__INT64_LIBZIP.c.o -c /Users/anastasialobkina/Desktop/KirillovaVika-homework-3-main/cmake-build-debug/CMakeFiles/CheckTypeSize/__INT64_LIBZIP.c
/Users/anastasialobkina/Desktop/KirillovaVika-homework-3-main/cmake-build-debug/CMakeFiles/CheckTypeSize/__INT64_LIBZIP.c:29:12: error: use of undeclared identifier '__int64'
  ('0' + ((SIZE / 10000)%10)),
           ^
/Users/anastasialobkina/Desktop/KirillovaVika-homework-3-main/cmake-build-debug/CMakeFiles/CheckTypeSize/__INT64_LIBZIP.c:27:22: note: expanded from macro 'SIZE'
#define SIZE (sizeof(__int64))
                     ^
/Users/anastasialobkina/Desktop/KirillovaVika-homework-3-main/cmake-build-debug/CMakeFiles/CheckTypeSize/__INT64_LIBZIP.c:30:12: error: use of undeclared identifier '__int64'
  ('0' + ((SIZE / 1000)%10)),
           ^
/Users/anastasialobkina/Desktop/KirillovaVika-homework-3-main/cmake-build-debug/CMakeFiles/CheckTypeSize/__INT64_LIBZIP.c:27:22: note: expanded from macro 'SIZE'
#define SIZE (sizeof(__int64))
                     ^
/Users/anastasialobkina/Desktop/KirillovaVika-homework-3-main/cmake-build-debug/CMakeFiles/CheckTypeSize/__INT64_LIBZIP.c:31:12: error: use of undeclared identifier '__int64'
  ('0' + ((SIZE / 100)%10)),
           ^
/Users/anastasialobkina/Desktop/KirillovaVika-homework-3-main/cmake-build-debug/CMakeFiles/CheckTypeSize/__INT64_LIBZIP.c:27:22: note: expanded from macro 'SIZE'
#define SIZE (sizeof(__int64))
                     ^
/Users/anastasialobkina/Desktop/KirillovaVika-homework-3-main/cmake-build-debug/CMakeFiles/CheckTypeSize/__INT64_LIBZIP.c:32:12: error: use of undeclared identifier '__int64'
  ('0' + ((SIZE / 10)%10)),
           ^
/Users/anastasialobkina/Desktop/KirillovaVika-homework-3-main/cmake-build-debug/CMakeFiles/CheckTypeSize/__INT64_LIBZIP.c:27:22: note: expanded from macro 'SIZE'
#define SIZE (sizeof(__int64))
                     ^
/Users/anastasialobkina/Desktop/KirillovaVika-homework-3-main/cmake-build-debug/CMakeFiles/CheckTypeSize/__INT64_LIBZIP.c:33:12: error: use of undeclared identifier '__int64'
  ('0' +  (SIZE    % 10)),
           ^
/Users/anastasialobkina/Desktop/KirillovaVika-homework-3-main/cmake-build-debug/CMakeFiles/CheckTypeSize/__INT64_LIBZIP.c:27:22: note: expanded from macro 'SIZE'
#define SIZE (sizeof(__int64))
                     ^
5 errors generated.
ninja: build stopped: subcommand failed.


/Users/anastasialobkina/Desktop/KirillovaVika-homework-3-main/cmake-build-debug/CMakeFiles/CheckTypeSize/__INT64_LIBZIP.c:
#include <sys/types.h>
#include <stdint.h>
#include <stddef.h>


#undef KEY
#if defined(__i386)
# define KEY '_','_','i','3','8','6'
#elif defined(__x86_64)
# define KEY '_','_','x','8','6','_','6','4'
#elif defined(__PPC64__)
# define KEY '_','_','P','P','C','6','4','_','_'
#elif defined(__ppc64__)
# define KEY '_','_','p','p','c','6','4','_','_'
#elif defined(__PPC__)
# define KEY '_','_','P','P','C','_','_'
#elif defined(__ppc__)
# define KEY '_','_','p','p','c','_','_'
#elif defined(__aarch64__)
# define KEY '_','_','a','a','r','c','h','6','4','_','_'
#elif defined(__ARM_ARCH_7A__)
# define KEY '_','_','A','R','M','_','A','R','C','H','_','7','A','_','_'
#elif defined(__ARM_ARCH_7S__)
# define KEY '_','_','A','R','M','_','A','R','C','H','_','7','S','_','_'
#endif

#define SIZE (sizeof(__int64))
static char info_size[] =  {'I', 'N', 'F', 'O', ':', 's','i','z','e','[',
  ('0' + ((SIZE / 10000)%10)),
  ('0' + ((SIZE / 1000)%10)),
  ('0' + ((SIZE / 100)%10)),
  ('0' + ((SIZE / 10)%10)),
  ('0' +  (SIZE    % 10)),
  ']',
#ifdef KEY
  ' ','k','e','y','[', KEY, ']',
#endif
  '\0'};

#ifdef __CLASSIC_C__
int main(argc, argv) int argc; char *argv[];
#else
int main(int argc, char *argv[])
#endif
{
  int require = 0;
  require += info_size[argc];
  (void)argv;
  return require;
}


Performing C SOURCE FILE Test HAVE_FICLONERANGE failed with the following output:
Change Dir: /Users/anastasialobkina/Desktop/KirillovaVika-homework-3-main/cmake-build-debug/CMakeFiles/CMakeTmp

Run Build Command(s):/Applications/CLion.app/Contents/bin/ninja/mac/ninja cmTC_c5de7 && [1/2] Building C object CMakeFiles/cmTC_c5de7.dir/src.c.o
FAILED: CMakeFiles/cmTC_c5de7.dir/src.c.o 
/Library/Developer/CommandLineTools/usr/bin/cc -DHAVE_FICLONERANGE  -arch arm64 -isysroot /Library/Developer/CommandLineTools/SDKs/MacOSX12.3.sdk -mmacosx-version-min=12.1 -MD -MT CMakeFiles/cmTC_c5de7.dir/src.c.o -MF CMakeFiles/cmTC_c5de7.dir/src.c.o.d -o CMakeFiles/cmTC_c5de7.dir/src.c.o -c /Users/anastasialobkina/Desktop/KirillovaVika-homework-3-main/cmake-build-debug/CMakeFiles/CMakeTmp/src.c
/Users/anastasialobkina/Desktop/KirillovaVika-homework-3-main/cmake-build-debug/CMakeFiles/CMakeTmp/src.c:2:10: fatal error: 'linux/fs.h' file not found
#include <linux/fs.h>
         ^~~~~~~~~~~~
1 error generated.
ninja: build stopped: subcommand failed.


Source file was:
#include <sys/ioctl.h>
#include <linux/fs.h>
int main(int argc, char *argv[]) { unsigned long x = FICLONERANGE; }
